<?xml version="1.0" encoding="UTF-8"?>
<!-- Generated by org.testng.reporters.JUnitXMLReporter -->
<testsuite hostname="DESKTOP-RFUP4EQ" ignored="0" name="Test1" tests="1" failures="1" timestamp="2020-06-18T08:40:56 IST" time="0.058" errors="0">
  <testcase name="test" time="0.0" classname="demo.TestNGParametersDemo">
    <failure type="org.testng.TestNGException" message="
Parameter &amp;apos;MyName&amp;apos; is required by @Test on method test but has not been marked @Optional or defined
in E:\SeleniumTutorial\Myworkspace\SeleniumFrameworkDemo\testng6.xml">
      <![CDATA[org.testng.TestNGException: 
Parameter 'MyName' is required by @Test on method test but has not been marked @Optional or defined
in E:\SeleniumTutorial\Myworkspace\SeleniumFrameworkDemo\testng6.xml
at java.util.ArrayList.forEach(Unknown Source)
... Removed 26 stack frames]]>
    </failure>
  </testcase> <!-- test -->
</testsuite> <!-- Test1 -->
